<?xml version="1.0" encoding="UTF-8"?>
<!-- Generated by org.testng.reporters.JUnitXMLReporter -->
<testsuite hostname="Bhushan-Bagul" ignored="0" name="Test" tests="1" failures="1" timestamp="29 Dec 2021 11:51:45 GMT" time="21.257" errors="0">
  <testcase name="testCases" time="21.224" classname="com.Testing.TestScenario.Smoke">
    <failure type="java.lang.AssertionError" message="failing the TestCase :Browsing context has been discarded
Build info: version: &amp;apos;3.141.59&amp;apos;, revision: &amp;apos;e82be7d358&amp;apos;, time: &amp;apos;2018-11-14T08:17:03&amp;apos;
System info: host: &amp;apos;BHUSHAN-BAGUL&amp;apos;, ip: &amp;apos;192.168.1.8&amp;apos;, os.name: &amp;apos;Windows 10&amp;apos;, os.arch: &amp;apos;amd64&amp;apos;, os.version: &amp;apos;10.0&amp;apos;, java.version: &amp;apos;1.8.0_301&amp;apos;
Driver info: org.openqa.selenium.firefox.FirefoxDriver
Capabilities {acceptInsecureCerts: true, browserName: firefox, browserVersion: 95.0.2, javascriptEnabled: true, moz:accessibilityChecks: false, moz:buildID: 20211218203254, moz:geckodriverVersion: 0.29.0, moz:headless: false, moz:processID: 25488, moz:profile: C:\Users\bhush\AppData\Loca..., moz:shutdownTimeout: 60000, moz:useNonSpecCompliantPointerOrigin: false, moz:webdriverClick: true, pageLoadStrategy: normal, platform: WINDOWS, platformName: WINDOWS, platformVersion: 10.0, proxy: Proxy(), setWindowRect: true, strictFileInteractability: false, timeouts: {implicit: 0, pageLoad: 300000, script: 30000}, unhandledPromptBehavior: dismiss and notify}
Session ID: 17b031a3-a9d7-4f37-b076-9d8bb0ad0fb7
*** Element info: {Using=xpath, value=/html/body/div[2]/div/div/div/div[2]/ul/li[7]/div/div/img}">
      <![CDATA[java.lang.AssertionError: failing the TestCase :Browsing context has been discarded
Build info: version: '3.141.59', revision: 'e82be7d358', time: '2018-11-14T08:17:03'
System info: host: 'BHUSHAN-BAGUL', ip: '192.168.1.8', os.name: 'Windows 10', os.arch: 'amd64', os.version: '10.0', java.version: '1.8.0_301'
Driver info: org.openqa.selenium.firefox.FirefoxDriver
Capabilities {acceptInsecureCerts: true, browserName: firefox, browserVersion: 95.0.2, javascriptEnabled: true, moz:accessibilityChecks: false, moz:buildID: 20211218203254, moz:geckodriverVersion: 0.29.0, moz:headless: false, moz:processID: 25488, moz:profile: C:\Users\bhush\AppData\Loca..., moz:shutdownTimeout: 60000, moz:useNonSpecCompliantPointerOrigin: false, moz:webdriverClick: true, pageLoadStrategy: normal, platform: WINDOWS, platformName: WINDOWS, platformVersion: 10.0, proxy: Proxy(), setWindowRect: true, strictFileInteractability: false, timeouts: {implicit: 0, pageLoad: 300000, script: 30000}, unhandledPromptBehavior: dismiss and notify}
Session ID: 17b031a3-a9d7-4f37-b076-9d8bb0ad0fb7
*** Element info: {Using=xpath, value=/html/body/div[2]/div/div/div/div[2]/ul/li[7]/div/div/img}
at com.Base.testSecnario.base.elementFind(base.java:103)
at com.Pages.TestScenarios.HomePage.homepage(HomePage.java:32)
at com.Testing.TestScenario.Smoke.testCases(Smoke.java:23)
... Removed 30 stack frames]]>
    </failure>
  </testcase> <!-- testCases -->
</testsuite> <!-- Test -->
