<?xml version="1.0" encoding="UTF-8"?>
<!-- Generated by org.testng.reporters.JUnitXMLReporter -->
<testsuite hostname="Bhushan-Bagul" ignored="0" name="Test2" tests="3" failures="3" timestamp="2021-12-30T10:35:18 IST" time="22.039" errors="0">
  <testcase name="signin" time="0.007" classname="com.Testing.TestScenario.Regression">
    <failure type="java.lang.NullPointerException">
      <![CDATA[java.lang.NullPointerException
at com.Pages.TestScenarios.SignIn.google(SignIn.java:33)
at com.Testing.TestScenario.Regression.signin(Regression.java:22)
at java.util.ArrayList.forEach(ArrayList.java:1259)
... Removed 28 stack frames]]>
    </failure>
  </testcase> <!-- signin -->
  <testcase name="movies" time="20.009" classname="com.Testing.TestScenario.Regression">
    <failure type="java.lang.AssertionError" message="failing the TestCase :null">
      <![CDATA[java.lang.AssertionError: failing the TestCase :null
at com.Base.testSecnario.base.elementFind(base.java:102)
at com.Pages.TestScenarios.Movies.Lang(Movies.java:30)
at com.Testing.TestScenario.Regression.movies(Regression.java:29)
at java.util.ArrayList.forEach(ArrayList.java:1259)
... Removed 29 stack frames]]>
    </failure>
  </testcase> <!-- movies -->
  <testcase name="Sports" time="2.016" classname="com.Testing.TestScenario.Regression">
    <failure type="java.lang.AssertionError" message="failing the TestCase :null">
      <![CDATA[java.lang.AssertionError: failing the TestCase :null
at com.Base.testSecnario.base.elementFind(base.java:102)
at com.Pages.TestScenarios.Sports.Sports(Sports.java:36)
at com.Testing.TestScenario.Regression.Sports(Regression.java:34)
at java.util.ArrayList.forEach(ArrayList.java:1259)
... Removed 29 stack frames]]>
    </failure>
  </testcase> <!-- Sports -->
</testsuite> <!-- Test2 -->
